 
 -------------- celery@da-ThinkBook-14-G4 v5.6.2 (recovery)
--- ***** ----- 
-- ******* ---- Linux-6.17.0-14-generic-x86_64-with-glibc2.39 2026-03-09 01:14:40
- *** --- * --- 
- ** ---------- [config]
- ** ---------- .> app:         video_tasks:0x7ebf19d93bb0
- ** ---------- .> transport:   redis://localhost:6379/0
- ** ---------- .> results:     redis://localhost:6379/0
- *** --- * --- .> concurrency: 2 (prefork)
-- ******* ---- .> task events: OFF (enable -E to monitor tasks in this worker)
--- ***** ----- 
 -------------- [queues]
                .> celery           exchange=celery(direct) key=celery
                

[tasks]
  . tasks.transcode_video_task

[2026-03-09 01:14:40,218: INFO/MainProcess] Connected to redis://localhost:6379/0
[2026-03-09 01:14:40,230: INFO/MainProcess] mingle: searching for neighbors
[2026-03-09 01:14:41,248: INFO/MainProcess] mingle: all alone
[2026-03-09 01:14:41,272: INFO/MainProcess] celery@da-ThinkBook-14-G4 ready.
[2026-03-09 01:15:23,910: INFO/MainProcess] Task tasks.transcode_video_task[ea5b3e09-645a-4a5e-b743-663fb5098290] received
2026-03-09 01:15:23,947 INFO sqlalchemy.engine.Engine select pg_catalog.version()
[2026-03-09 01:15:23,947: INFO/ForkPoolWorker-2] select pg_catalog.version()
2026-03-09 01:15:23,948 INFO sqlalchemy.engine.Engine [raw sql] {}
[2026-03-09 01:15:23,948: INFO/ForkPoolWorker-2] [raw sql] {}
2026-03-09 01:15:23,952 INFO sqlalchemy.engine.Engine select current_schema()
[2026-03-09 01:15:23,952: INFO/ForkPoolWorker-2] select current_schema()
2026-03-09 01:15:23,952 INFO sqlalchemy.engine.Engine [raw sql] {}
[2026-03-09 01:15:23,952: INFO/ForkPoolWorker-2] [raw sql] {}
2026-03-09 01:15:23,954 INFO sqlalchemy.engine.Engine show standard_conforming_strings
[2026-03-09 01:15:23,954: INFO/ForkPoolWorker-2] show standard_conforming_strings
2026-03-09 01:15:23,955 INFO sqlalchemy.engine.Engine [raw sql] {}
[2026-03-09 01:15:23,955: INFO/ForkPoolWorker-2] [raw sql] {}
2026-03-09 01:15:23,957 INFO sqlalchemy.engine.Engine BEGIN (implicit)
[2026-03-09 01:15:23,957: INFO/ForkPoolWorker-2] BEGIN (implicit)
2026-03-09 01:15:23,985 INFO sqlalchemy.engine.Engine SELECT videos.id, videos.title, videos.description, videos.original_file_path, videos.processed_file_path, videos.thumbnail_path, videos.status, videos.visibility, videos.task_id, videos.views, videos.complete_views, videos.progress, videos.duration, videos.created_at, videos.tags, videos.user_id, videos.category_id 
FROM videos 
WHERE videos.id = %(id_1)s::UUID
[2026-03-09 01:15:23,985: INFO/ForkPoolWorker-2] SELECT videos.id, videos.title, videos.description, videos.original_file_path, videos.processed_file_path, videos.thumbnail_path, videos.status, videos.visibility, videos.task_id, videos.views, videos.complete_views, videos.progress, videos.duration, videos.created_at, videos.tags, videos.user_id, videos.category_id 
FROM videos 
WHERE videos.id = %(id_1)s::UUID
2026-03-09 01:15:23,985 INFO sqlalchemy.engine.Engine [generated in 0.00050s] {'id_1': '192b24a6-3a99-4192-8112-39179585cc50'}
[2026-03-09 01:15:23,985: INFO/ForkPoolWorker-2] [generated in 0.00050s] {'id_1': '192b24a6-3a99-4192-8112-39179585cc50'}
2026-03-09 01:15:23,993 INFO sqlalchemy.engine.Engine UPDATE videos SET status=%(status)s WHERE videos.id = %(videos_id)s::UUID
[2026-03-09 01:15:23,993: INFO/ForkPoolWorker-2] UPDATE videos SET status=%(status)s WHERE videos.id = %(videos_id)s::UUID
2026-03-09 01:15:23,993 INFO sqlalchemy.engine.Engine [generated in 0.00030s] {'status': 'processing', 'videos_id': UUID('192b24a6-3a99-4192-8112-39179585cc50')}
[2026-03-09 01:15:23,993: INFO/ForkPoolWorker-2] [generated in 0.00030s] {'status': 'processing', 'videos_id': UUID('192b24a6-3a99-4192-8112-39179585cc50')}
2026-03-09 01:15:23,995 INFO sqlalchemy.engine.Engine COMMIT
[2026-03-09 01:15:23,995: INFO/ForkPoolWorker-2] COMMIT
2026-03-09 01:15:23,998 INFO sqlalchemy.engine.Engine BEGIN (implicit)
[2026-03-09 01:15:23,998: INFO/ForkPoolWorker-2] BEGIN (implicit)
2026-03-09 01:15:24,000 INFO sqlalchemy.engine.Engine SELECT videos.id AS videos_id, videos.title AS videos_title, videos.description AS videos_description, videos.original_file_path AS videos_original_file_path, videos.processed_file_path AS videos_processed_file_path, videos.thumbnail_path AS videos_thumbnail_path, videos.status AS videos_status, videos.visibility AS videos_visibility, videos.task_id AS videos_task_id, videos.views AS videos_views, videos.complete_views AS videos_complete_views, videos.progress AS videos_progress, videos.duration AS videos_duration, videos.created_at AS videos_created_at, videos.tags AS videos_tags, videos.user_id AS videos_user_id, videos.category_id AS videos_category_id 
FROM videos 
WHERE videos.id = %(pk_1)s::UUID
[2026-03-09 01:15:24,000: INFO/ForkPoolWorker-2] SELECT videos.id AS videos_id, videos.title AS videos_title, videos.description AS videos_description, videos.original_file_path AS videos_original_file_path, videos.processed_file_path AS videos_processed_file_path, videos.thumbnail_path AS videos_thumbnail_path, videos.status AS videos_status, videos.visibility AS videos_visibility, videos.task_id AS videos_task_id, videos.views AS videos_views, videos.complete_views AS videos_complete_views, videos.progress AS videos_progress, videos.duration AS videos_duration, videos.created_at AS videos_created_at, videos.tags AS videos_tags, videos.user_id AS videos_user_id, videos.category_id AS videos_category_id 
FROM videos 
WHERE videos.id = %(pk_1)s::UUID
2026-03-09 01:15:24,000 INFO sqlalchemy.engine.Engine [generated in 0.00025s] {'pk_1': UUID('192b24a6-3a99-4192-8112-39179585cc50')}
[2026-03-09 01:15:24,000: INFO/ForkPoolWorker-2] [generated in 0.00025s] {'pk_1': UUID('192b24a6-3a99-4192-8112-39179585cc50')}
2026-03-09 01:15:24,049 INFO sqlalchemy.engine.Engine UPDATE videos SET duration=%(duration)s WHERE videos.id = %(videos_id)s::UUID
[2026-03-09 01:15:24,049: INFO/ForkPoolWorker-2] UPDATE videos SET duration=%(duration)s WHERE videos.id = %(videos_id)s::UUID
2026-03-09 01:15:24,049 INFO sqlalchemy.engine.Engine [generated in 0.00027s] {'duration': 653, 'videos_id': UUID('192b24a6-3a99-4192-8112-39179585cc50')}
[2026-03-09 01:15:24,049: INFO/ForkPoolWorker-2] [generated in 0.00027s] {'duration': 653, 'videos_id': UUID('192b24a6-3a99-4192-8112-39179585cc50')}
2026-03-09 01:15:24,050 INFO sqlalchemy.engine.Engine COMMIT
[2026-03-09 01:15:24,050: INFO/ForkPoolWorker-2] COMMIT
2026-03-09 01:15:24,322 INFO sqlalchemy.engine.Engine BEGIN (implicit)
[2026-03-09 01:15:24,322: INFO/ForkPoolWorker-2] BEGIN (implicit)
2026-03-09 01:15:24,323 INFO sqlalchemy.engine.Engine SELECT videos.id AS videos_id, videos.title AS videos_title, videos.description AS videos_description, videos.original_file_path AS videos_original_file_path, videos.processed_file_path AS videos_processed_file_path, videos.thumbnail_path AS videos_thumbnail_path, videos.status AS videos_status, videos.visibility AS videos_visibility, videos.task_id AS videos_task_id, videos.views AS videos_views, videos.complete_views AS videos_complete_views, videos.progress AS videos_progress, videos.duration AS videos_duration, videos.created_at AS videos_created_at, videos.tags AS videos_tags, videos.user_id AS videos_user_id, videos.category_id AS videos_category_id 
FROM videos 
WHERE videos.id = %(pk_1)s::UUID
[2026-03-09 01:15:24,323: INFO/ForkPoolWorker-2] SELECT videos.id AS videos_id, videos.title AS videos_title, videos.description AS videos_description, videos.original_file_path AS videos_original_file_path, videos.processed_file_path AS videos_processed_file_path, videos.thumbnail_path AS videos_thumbnail_path, videos.status AS videos_status, videos.visibility AS videos_visibility, videos.task_id AS videos_task_id, videos.views AS videos_views, videos.complete_views AS videos_complete_views, videos.progress AS videos_progress, videos.duration AS videos_duration, videos.created_at AS videos_created_at, videos.tags AS videos_tags, videos.user_id AS videos_user_id, videos.category_id AS videos_category_id 
FROM videos 
WHERE videos.id = %(pk_1)s::UUID
2026-03-09 01:15:24,323 INFO sqlalchemy.engine.Engine [cached since 0.3232s ago] {'pk_1': UUID('192b24a6-3a99-4192-8112-39179585cc50')}
[2026-03-09 01:15:24,323: INFO/ForkPoolWorker-2] [cached since 0.3232s ago] {'pk_1': UUID('192b24a6-3a99-4192-8112-39179585cc50')}
2026-03-09 01:15:28,344 INFO sqlalchemy.engine.Engine UPDATE videos SET progress=%(progress)s WHERE videos.id = %(videos_id)s::UUID
[2026-03-09 01:15:28,344: INFO/ForkPoolWorker-2] UPDATE videos SET progress=%(progress)s WHERE videos.id = %(videos_id)s::UUID
2026-03-09 01:15:28,345 INFO sqlalchemy.engine.Engine [generated in 0.00052s] {'progress': 5, 'videos_id': UUID('192b24a6-3a99-4192-8112-39179585cc50')}
[2026-03-09 01:15:28,345: INFO/ForkPoolWorker-2] [generated in 0.00052s] {'progress': 5, 'videos_id': UUID('192b24a6-3a99-4192-8112-39179585cc50')}
2026-03-09 01:15:28,346 INFO sqlalchemy.engine.Engine COMMIT
[2026-03-09 01:15:28,346: INFO/ForkPoolWorker-2] COMMIT
2026-03-09 01:15:28,845 INFO sqlalchemy.engine.Engine BEGIN (implicit)
[2026-03-09 01:15:28,845: INFO/ForkPoolWorker-2] BEGIN (implicit)
2026-03-09 01:15:28,845 INFO sqlalchemy.engine.Engine SELECT videos.id AS videos_id, videos.title AS videos_title, videos.description AS videos_description, videos.original_file_path AS videos_original_file_path, videos.processed_file_path AS videos_processed_file_path, videos.thumbnail_path AS videos_thumbnail_path, videos.status AS videos_status, videos.visibility AS videos_visibility, videos.task_id AS videos_task_id, videos.views AS videos_views, videos.complete_views AS videos_complete_views, videos.progress AS videos_progress, videos.duration AS videos_duration, videos.created_at AS videos_created_at, videos.tags AS videos_tags, videos.user_id AS videos_user_id, videos.category_id AS videos_category_id 
FROM videos 
WHERE videos.id = %(pk_1)s::UUID
[2026-03-09 01:15:28,845: INFO/ForkPoolWorker-2] SELECT videos.id AS videos_id, videos.title AS videos_title, videos.description AS videos_description, videos.original_file_path AS videos_original_file_path, videos.processed_file_path AS videos_processed_file_path, videos.thumbnail_path AS videos_thumbnail_path, videos.status AS videos_status, videos.visibility AS videos_visibility, videos.task_id AS videos_task_id, videos.views AS videos_views, videos.complete_views AS videos_complete_views, videos.progress AS videos_progress, videos.duration AS videos_duration, videos.created_at AS videos_created_at, videos.tags AS videos_tags, videos.user_id AS videos_user_id, videos.category_id AS videos_category_id 
FROM videos 
WHERE videos.id = %(pk_1)s::UUID
2026-03-09 01:15:28,845 INFO sqlalchemy.engine.Engine [cached since 4.846s ago] {'pk_1': UUID('192b24a6-3a99-4192-8112-39179585cc50')}
[2026-03-09 01:15:28,845: INFO/ForkPoolWorker-2] [cached since 4.846s ago] {'pk_1': UUID('192b24a6-3a99-4192-8112-39179585cc50')}
2026-03-09 01:15:34,379 INFO sqlalchemy.engine.Engine UPDATE videos SET progress=%(progress)s WHERE videos.id = %(videos_id)s::UUID
[2026-03-09 01:15:34,379: INFO/ForkPoolWorker-2] UPDATE videos SET progress=%(progress)s WHERE videos.id = %(videos_id)s::UUID
2026-03-09 01:15:34,379 INFO sqlalchemy.engine.Engine [cached since 6.034s ago] {'progress': 15, 'videos_id': UUID('192b24a6-3a99-4192-8112-39179585cc50')}
[2026-03-09 01:15:34,379: INFO/ForkPoolWorker-2] [cached since 6.034s ago] {'progress': 15, 'videos_id': UUID('192b24a6-3a99-4192-8112-39179585cc50')}
2026-03-09 01:15:34,380 INFO sqlalchemy.engine.Engine COMMIT
[2026-03-09 01:15:34,380: INFO/ForkPoolWorker-2] COMMIT
2026-03-09 01:15:34,879 INFO sqlalchemy.engine.Engine BEGIN (implicit)
[2026-03-09 01:15:34,879: INFO/ForkPoolWorker-2] BEGIN (implicit)
2026-03-09 01:15:34,879 INFO sqlalchemy.engine.Engine SELECT videos.id AS videos_id, videos.title AS videos_title, videos.description AS videos_description, videos.original_file_path AS videos_original_file_path, videos.processed_file_path AS videos_processed_file_path, videos.thumbnail_path AS videos_thumbnail_path, videos.status AS videos_status, videos.visibility AS videos_visibility, videos.task_id AS videos_task_id, videos.views AS videos_views, videos.complete_views AS videos_complete_views, videos.progress AS videos_progress, videos.duration AS videos_duration, videos.created_at AS videos_created_at, videos.tags AS videos_tags, videos.user_id AS videos_user_id, videos.category_id AS videos_category_id 
FROM videos 
WHERE videos.id = %(pk_1)s::UUID
[2026-03-09 01:15:34,879: INFO/ForkPoolWorker-2] SELECT videos.id AS videos_id, videos.title AS videos_title, videos.description AS videos_description, videos.original_file_path AS videos_original_file_path, videos.processed_file_path AS videos_processed_file_path, videos.thumbnail_path AS videos_thumbnail_path, videos.status AS videos_status, videos.visibility AS videos_visibility, videos.task_id AS videos_task_id, videos.views AS videos_views, videos.complete_views AS videos_complete_views, videos.progress AS videos_progress, videos.duration AS videos_duration, videos.created_at AS videos_created_at, videos.tags AS videos_tags, videos.user_id AS videos_user_id, videos.category_id AS videos_category_id 
FROM videos 
WHERE videos.id = %(pk_1)s::UUID
2026-03-09 01:15:34,879 INFO sqlalchemy.engine.Engine [cached since 10.88s ago] {'pk_1': UUID('192b24a6-3a99-4192-8112-39179585cc50')}
[2026-03-09 01:15:34,879: INFO/ForkPoolWorker-2] [cached since 10.88s ago] {'pk_1': UUID('192b24a6-3a99-4192-8112-39179585cc50')}
2026-03-09 01:15:38,926 INFO sqlalchemy.engine.Engine UPDATE videos SET progress=%(progress)s WHERE videos.id = %(videos_id)s::UUID
[2026-03-09 01:15:38,926: INFO/ForkPoolWorker-2] UPDATE videos SET progress=%(progress)s WHERE videos.id = %(videos_id)s::UUID
2026-03-09 01:15:38,926 INFO sqlalchemy.engine.Engine [cached since 10.58s ago] {'progress': 20, 'videos_id': UUID('192b24a6-3a99-4192-8112-39179585cc50')}
[2026-03-09 01:15:38,926: INFO/ForkPoolWorker-2] [cached since 10.58s ago] {'progress': 20, 'videos_id': UUID('192b24a6-3a99-4192-8112-39179585cc50')}
2026-03-09 01:15:38,928 INFO sqlalchemy.engine.Engine COMMIT
[2026-03-09 01:15:38,928: INFO/ForkPoolWorker-2] COMMIT
2026-03-09 01:15:39,435 INFO sqlalchemy.engine.Engine BEGIN (implicit)
[2026-03-09 01:15:39,435: INFO/ForkPoolWorker-2] BEGIN (implicit)
2026-03-09 01:15:39,436 INFO sqlalchemy.engine.Engine SELECT videos.id AS videos_id, videos.title AS videos_title, videos.description AS videos_description, videos.original_file_path AS videos_original_file_path, videos.processed_file_path AS videos_processed_file_path, videos.thumbnail_path AS videos_thumbnail_path, videos.status AS videos_status, videos.visibility AS videos_visibility, videos.task_id AS videos_task_id, videos.views AS videos_views, videos.complete_views AS videos_complete_views, videos.progress AS videos_progress, videos.duration AS videos_duration, videos.created_at AS videos_created_at, videos.tags AS videos_tags, videos.user_id AS videos_user_id, videos.category_id AS videos_category_id 
FROM videos 
WHERE videos.id = %(pk_1)s::UUID
[2026-03-09 01:15:39,436: INFO/ForkPoolWorker-2] SELECT videos.id AS videos_id, videos.title AS videos_title, videos.description AS videos_description, videos.original_file_path AS videos_original_file_path, videos.processed_file_path AS videos_processed_file_path, videos.thumbnail_path AS videos_thumbnail_path, videos.status AS videos_status, videos.visibility AS videos_visibility, videos.task_id AS videos_task_id, videos.views AS videos_views, videos.complete_views AS videos_complete_views, videos.progress AS videos_progress, videos.duration AS videos_duration, videos.created_at AS videos_created_at, videos.tags AS videos_tags, videos.user_id AS videos_user_id, videos.category_id AS videos_category_id 
FROM videos 
WHERE videos.id = %(pk_1)s::UUID
2026-03-09 01:15:39,436 INFO sqlalchemy.engine.Engine [cached since 15.44s ago] {'pk_1': UUID('192b24a6-3a99-4192-8112-39179585cc50')}
[2026-03-09 01:15:39,436: INFO/ForkPoolWorker-2] [cached since 15.44s ago] {'pk_1': UUID('192b24a6-3a99-4192-8112-39179585cc50')}
2026-03-09 01:15:42,984 INFO sqlalchemy.engine.Engine UPDATE videos SET progress=%(progress)s WHERE videos.id = %(videos_id)s::UUID
[2026-03-09 01:15:42,984: INFO/ForkPoolWorker-2] UPDATE videos SET progress=%(progress)s WHERE videos.id = %(videos_id)s::UUID
2026-03-09 01:15:42,984 INFO sqlalchemy.engine.Engine [cached since 14.64s ago] {'progress': 25, 'videos_id': UUID('192b24a6-3a99-4192-8112-39179585cc50')}
[2026-03-09 01:15:42,984: INFO/ForkPoolWorker-2] [cached since 14.64s ago] {'progress': 25, 'videos_id': UUID('192b24a6-3a99-4192-8112-39179585cc50')}
2026-03-09 01:15:42,985 INFO sqlalchemy.engine.Engine COMMIT
[2026-03-09 01:15:42,985: INFO/ForkPoolWorker-2] COMMIT
2026-03-09 01:15:43,488 INFO sqlalchemy.engine.Engine BEGIN (implicit)
[2026-03-09 01:15:43,488: INFO/ForkPoolWorker-2] BEGIN (implicit)
2026-03-09 01:15:43,488 INFO sqlalchemy.engine.Engine SELECT videos.id AS videos_id, videos.title AS videos_title, videos.description AS videos_description, videos.original_file_path AS videos_original_file_path, videos.processed_file_path AS videos_processed_file_path, videos.thumbnail_path AS videos_thumbnail_path, videos.status AS videos_status, videos.visibility AS videos_visibility, videos.task_id AS videos_task_id, videos.views AS videos_views, videos.complete_views AS videos_complete_views, videos.progress AS videos_progress, videos.duration AS videos_duration, videos.created_at AS videos_created_at, videos.tags AS videos_tags, videos.user_id AS videos_user_id, videos.category_id AS videos_category_id 
FROM videos 
WHERE videos.id = %(pk_1)s::UUID
[2026-03-09 01:15:43,488: INFO/ForkPoolWorker-2] SELECT videos.id AS videos_id, videos.title AS videos_title, videos.description AS videos_description, videos.original_file_path AS videos_original_file_path, videos.processed_file_path AS videos_processed_file_path, videos.thumbnail_path AS videos_thumbnail_path, videos.status AS videos_status, videos.visibility AS videos_visibility, videos.task_id AS videos_task_id, videos.views AS videos_views, videos.complete_views AS videos_complete_views, videos.progress AS videos_progress, videos.duration AS videos_duration, videos.created_at AS videos_created_at, videos.tags AS videos_tags, videos.user_id AS videos_user_id, videos.category_id AS videos_category_id 
FROM videos 
WHERE videos.id = %(pk_1)s::UUID
2026-03-09 01:15:43,489 INFO sqlalchemy.engine.Engine [cached since 19.49s ago] {'pk_1': UUID('192b24a6-3a99-4192-8112-39179585cc50')}
[2026-03-09 01:15:43,489: INFO/ForkPoolWorker-2] [cached since 19.49s ago] {'pk_1': UUID('192b24a6-3a99-4192-8112-39179585cc50')}
2026-03-09 01:15:46,494 INFO sqlalchemy.engine.Engine UPDATE videos SET progress=%(progress)s WHERE videos.id = %(videos_id)s::UUID
[2026-03-09 01:15:46,494: INFO/ForkPoolWorker-2] UPDATE videos SET progress=%(progress)s WHERE videos.id = %(videos_id)s::UUID
2026-03-09 01:15:46,495 INFO sqlalchemy.engine.Engine [cached since 18.15s ago] {'progress': 30, 'videos_id': UUID('192b24a6-3a99-4192-8112-39179585cc50')}
[2026-03-09 01:15:46,495: INFO/ForkPoolWorker-2] [cached since 18.15s ago] {'progress': 30, 'videos_id': UUID('192b24a6-3a99-4192-8112-39179585cc50')}
2026-03-09 01:15:46,496 INFO sqlalchemy.engine.Engine COMMIT
[2026-03-09 01:15:46,496: INFO/ForkPoolWorker-2] COMMIT
2026-03-09 01:15:46,994 INFO sqlalchemy.engine.Engine BEGIN (implicit)
[2026-03-09 01:15:46,994: INFO/ForkPoolWorker-2] BEGIN (implicit)
2026-03-09 01:15:46,995 INFO sqlalchemy.engine.Engine SELECT videos.id AS videos_id, videos.title AS videos_title, videos.description AS videos_description, videos.original_file_path AS videos_original_file_path, videos.processed_file_path AS videos_processed_file_path, videos.thumbnail_path AS videos_thumbnail_path, videos.status AS videos_status, videos.visibility AS videos_visibility, videos.task_id AS videos_task_id, videos.views AS videos_views, videos.complete_views AS videos_complete_views, videos.progress AS videos_progress, videos.duration AS videos_duration, videos.created_at AS videos_created_at, videos.tags AS videos_tags, videos.user_id AS videos_user_id, videos.category_id AS videos_category_id 
FROM videos 
WHERE videos.id = %(pk_1)s::UUID
[2026-03-09 01:15:46,995: INFO/ForkPoolWorker-2] SELECT videos.id AS videos_id, videos.title AS videos_title, videos.description AS videos_description, videos.original_file_path AS videos_original_file_path, videos.processed_file_path AS videos_processed_file_path, videos.thumbnail_path AS videos_thumbnail_path, videos.status AS videos_status, videos.visibility AS videos_visibility, videos.task_id AS videos_task_id, videos.views AS videos_views, videos.complete_views AS videos_complete_views, videos.progress AS videos_progress, videos.duration AS videos_duration, videos.created_at AS videos_created_at, videos.tags AS videos_tags, videos.user_id AS videos_user_id, videos.category_id AS videos_category_id 
FROM videos 
WHERE videos.id = %(pk_1)s::UUID
2026-03-09 01:15:46,995 INFO sqlalchemy.engine.Engine [cached since 22.99s ago] {'pk_1': UUID('192b24a6-3a99-4192-8112-39179585cc50')}
[2026-03-09 01:15:46,995: INFO/ForkPoolWorker-2] [cached since 22.99s ago] {'pk_1': UUID('192b24a6-3a99-4192-8112-39179585cc50')}
2026-03-09 01:15:50,014 INFO sqlalchemy.engine.Engine UPDATE videos SET progress=%(progress)s WHERE videos.id = %(videos_id)s::UUID
[2026-03-09 01:15:50,014: INFO/ForkPoolWorker-2] UPDATE videos SET progress=%(progress)s WHERE videos.id = %(videos_id)s::UUID
2026-03-09 01:15:50,014 INFO sqlalchemy.engine.Engine [cached since 21.67s ago] {'progress': 35, 'videos_id': UUID('192b24a6-3a99-4192-8112-39179585cc50')}
[2026-03-09 01:15:50,014: INFO/ForkPoolWorker-2] [cached since 21.67s ago] {'progress': 35, 'videos_id': UUID('192b24a6-3a99-4192-8112-39179585cc50')}
2026-03-09 01:15:50,016 INFO sqlalchemy.engine.Engine COMMIT
[2026-03-09 01:15:50,016: INFO/ForkPoolWorker-2] COMMIT
2026-03-09 01:15:50,518 INFO sqlalchemy.engine.Engine BEGIN (implicit)
[2026-03-09 01:15:50,518: INFO/ForkPoolWorker-2] BEGIN (implicit)
2026-03-09 01:15:50,519 INFO sqlalchemy.engine.Engine SELECT videos.id AS videos_id, videos.title AS videos_title, videos.description AS videos_description, videos.original_file_path AS videos_original_file_path, videos.processed_file_path AS videos_processed_file_path, videos.thumbnail_path AS videos_thumbnail_path, videos.status AS videos_status, videos.visibility AS videos_visibility, videos.task_id AS videos_task_id, videos.views AS videos_views, videos.complete_views AS videos_complete_views, videos.progress AS videos_progress, videos.duration AS videos_duration, videos.created_at AS videos_created_at, videos.tags AS videos_tags, videos.user_id AS videos_user_id, videos.category_id AS videos_category_id 
FROM videos 
WHERE videos.id = %(pk_1)s::UUID
[2026-03-09 01:15:50,519: INFO/ForkPoolWorker-2] SELECT videos.id AS videos_id, videos.title AS videos_title, videos.description AS videos_description, videos.original_file_path AS videos_original_file_path, videos.processed_file_path AS videos_processed_file_path, videos.thumbnail_path AS videos_thumbnail_path, videos.status AS videos_status, videos.visibility AS videos_visibility, videos.task_id AS videos_task_id, videos.views AS videos_views, videos.complete_views AS videos_complete_views, videos.progress AS videos_progress, videos.duration AS videos_duration, videos.created_at AS videos_created_at, videos.tags AS videos_tags, videos.user_id AS videos_user_id, videos.category_id AS videos_category_id 
FROM videos 
WHERE videos.id = %(pk_1)s::UUID
2026-03-09 01:15:50,519 INFO sqlalchemy.engine.Engine [cached since 26.52s ago] {'pk_1': UUID('192b24a6-3a99-4192-8112-39179585cc50')}
[2026-03-09 01:15:50,519: INFO/ForkPoolWorker-2] [cached since 26.52s ago] {'pk_1': UUID('192b24a6-3a99-4192-8112-39179585cc50')}
2026-03-09 01:15:53,526 INFO sqlalchemy.engine.Engine UPDATE videos SET progress=%(progress)s WHERE videos.id = %(videos_id)s::UUID
[2026-03-09 01:15:53,526: INFO/ForkPoolWorker-2] UPDATE videos SET progress=%(progress)s WHERE videos.id = %(videos_id)s::UUID
2026-03-09 01:15:53,526 INFO sqlalchemy.engine.Engine [cached since 25.18s ago] {'progress': 40, 'videos_id': UUID('192b24a6-3a99-4192-8112-39179585cc50')}
[2026-03-09 01:15:53,526: INFO/ForkPoolWorker-2] [cached since 25.18s ago] {'progress': 40, 'videos_id': UUID('192b24a6-3a99-4192-8112-39179585cc50')}
2026-03-09 01:15:53,527 INFO sqlalchemy.engine.Engine COMMIT
[2026-03-09 01:15:53,527: INFO/ForkPoolWorker-2] COMMIT
2026-03-09 01:15:54,031 INFO sqlalchemy.engine.Engine BEGIN (implicit)
[2026-03-09 01:15:54,031: INFO/ForkPoolWorker-2] BEGIN (implicit)
2026-03-09 01:15:54,031 INFO sqlalchemy.engine.Engine SELECT videos.id AS videos_id, videos.title AS videos_title, videos.description AS videos_description, videos.original_file_path AS videos_original_file_path, videos.processed_file_path AS videos_processed_file_path, videos.thumbnail_path AS videos_thumbnail_path, videos.status AS videos_status, videos.visibility AS videos_visibility, videos.task_id AS videos_task_id, videos.views AS videos_views, videos.complete_views AS videos_complete_views, videos.progress AS videos_progress, videos.duration AS videos_duration, videos.created_at AS videos_created_at, videos.tags AS videos_tags, videos.user_id AS videos_user_id, videos.category_id AS videos_category_id 
FROM videos 
WHERE videos.id = %(pk_1)s::UUID
[2026-03-09 01:15:54,031: INFO/ForkPoolWorker-2] SELECT videos.id AS videos_id, videos.title AS videos_title, videos.description AS videos_description, videos.original_file_path AS videos_original_file_path, videos.processed_file_path AS videos_processed_file_path, videos.thumbnail_path AS videos_thumbnail_path, videos.status AS videos_status, videos.visibility AS videos_visibility, videos.task_id AS videos_task_id, videos.views AS videos_views, videos.complete_views AS videos_complete_views, videos.progress AS videos_progress, videos.duration AS videos_duration, videos.created_at AS videos_created_at, videos.tags AS videos_tags, videos.user_id AS videos_user_id, videos.category_id AS videos_category_id 
FROM videos 
WHERE videos.id = %(pk_1)s::UUID
2026-03-09 01:15:54,032 INFO sqlalchemy.engine.Engine [cached since 30.03s ago] {'pk_1': UUID('192b24a6-3a99-4192-8112-39179585cc50')}
[2026-03-09 01:15:54,032: INFO/ForkPoolWorker-2] [cached since 30.03s ago] {'pk_1': UUID('192b24a6-3a99-4192-8112-39179585cc50')}
2026-03-09 01:15:57,035 INFO sqlalchemy.engine.Engine UPDATE videos SET progress=%(progress)s WHERE videos.id = %(videos_id)s::UUID
[2026-03-09 01:15:57,035: INFO/ForkPoolWorker-2] UPDATE videos SET progress=%(progress)s WHERE videos.id = %(videos_id)s::UUID
2026-03-09 01:15:57,035 INFO sqlalchemy.engine.Engine [cached since 28.69s ago] {'progress': 45, 'videos_id': UUID('192b24a6-3a99-4192-8112-39179585cc50')}
[2026-03-09 01:15:57,035: INFO/ForkPoolWorker-2] [cached since 28.69s ago] {'progress': 45, 'videos_id': UUID('192b24a6-3a99-4192-8112-39179585cc50')}
2026-03-09 01:15:57,036 INFO sqlalchemy.engine.Engine COMMIT
[2026-03-09 01:15:57,036: INFO/ForkPoolWorker-2] COMMIT
2026-03-09 01:15:57,543 INFO sqlalchemy.engine.Engine BEGIN (implicit)
[2026-03-09 01:15:57,543: INFO/ForkPoolWorker-2] BEGIN (implicit)
2026-03-09 01:15:57,544 INFO sqlalchemy.engine.Engine SELECT videos.id AS videos_id, videos.title AS videos_title, videos.description AS videos_description, videos.original_file_path AS videos_original_file_path, videos.processed_file_path AS videos_processed_file_path, videos.thumbnail_path AS videos_thumbnail_path, videos.status AS videos_status, videos.visibility AS videos_visibility, videos.task_id AS videos_task_id, videos.views AS videos_views, videos.complete_views AS videos_complete_views, videos.progress AS videos_progress, videos.duration AS videos_duration, videos.created_at AS videos_created_at, videos.tags AS videos_tags, videos.user_id AS videos_user_id, videos.category_id AS videos_category_id 
FROM videos 
WHERE videos.id = %(pk_1)s::UUID
[2026-03-09 01:15:57,544: INFO/ForkPoolWorker-2] SELECT videos.id AS videos_id, videos.title AS videos_title, videos.description AS videos_description, videos.original_file_path AS videos_original_file_path, videos.processed_file_path AS videos_processed_file_path, videos.thumbnail_path AS videos_thumbnail_path, videos.status AS videos_status, videos.visibility AS videos_visibility, videos.task_id AS videos_task_id, videos.views AS videos_views, videos.complete_views AS videos_complete_views, videos.progress AS videos_progress, videos.duration AS videos_duration, videos.created_at AS videos_created_at, videos.tags AS videos_tags, videos.user_id AS videos_user_id, videos.category_id AS videos_category_id 
FROM videos 
WHERE videos.id = %(pk_1)s::UUID
2026-03-09 01:15:57,544 INFO sqlalchemy.engine.Engine [cached since 33.54s ago] {'pk_1': UUID('192b24a6-3a99-4192-8112-39179585cc50')}
[2026-03-09 01:15:57,544: INFO/ForkPoolWorker-2] [cached since 33.54s ago] {'pk_1': UUID('192b24a6-3a99-4192-8112-39179585cc50')}
2026-03-09 01:16:01,069 INFO sqlalchemy.engine.Engine UPDATE videos SET progress=%(progress)s WHERE videos.id = %(videos_id)s::UUID
[2026-03-09 01:16:01,069: INFO/ForkPoolWorker-2] UPDATE videos SET progress=%(progress)s WHERE videos.id = %(videos_id)s::UUID
2026-03-09 01:16:01,069 INFO sqlalchemy.engine.Engine [cached since 32.73s ago] {'progress': 50, 'videos_id': UUID('192b24a6-3a99-4192-8112-39179585cc50')}
[2026-03-09 01:16:01,069: INFO/ForkPoolWorker-2] [cached since 32.73s ago] {'progress': 50, 'videos_id': UUID('192b24a6-3a99-4192-8112-39179585cc50')}
2026-03-09 01:16:01,070 INFO sqlalchemy.engine.Engine COMMIT
[2026-03-09 01:16:01,070: INFO/ForkPoolWorker-2] COMMIT
2026-03-09 01:16:01,569 INFO sqlalchemy.engine.Engine BEGIN (implicit)
[2026-03-09 01:16:01,569: INFO/ForkPoolWorker-2] BEGIN (implicit)
2026-03-09 01:16:01,569 INFO sqlalchemy.engine.Engine SELECT videos.id AS videos_id, videos.title AS videos_title, videos.description AS videos_description, videos.original_file_path AS videos_original_file_path, videos.processed_file_path AS videos_processed_file_path, videos.thumbnail_path AS videos_thumbnail_path, videos.status AS videos_status, videos.visibility AS videos_visibility, videos.task_id AS videos_task_id, videos.views AS videos_views, videos.complete_views AS videos_complete_views, videos.progress AS videos_progress, videos.duration AS videos_duration, videos.created_at AS videos_created_at, videos.tags AS videos_tags, videos.user_id AS videos_user_id, videos.category_id AS videos_category_id 
FROM videos 
WHERE videos.id = %(pk_1)s::UUID
[2026-03-09 01:16:01,569: INFO/ForkPoolWorker-2] SELECT videos.id AS videos_id, videos.title AS videos_title, videos.description AS videos_description, videos.original_file_path AS videos_original_file_path, videos.processed_file_path AS videos_processed_file_path, videos.thumbnail_path AS videos_thumbnail_path, videos.status AS videos_status, videos.visibility AS videos_visibility, videos.task_id AS videos_task_id, videos.views AS videos_views, videos.complete_views AS videos_complete_views, videos.progress AS videos_progress, videos.duration AS videos_duration, videos.created_at AS videos_created_at, videos.tags AS videos_tags, videos.user_id AS videos_user_id, videos.category_id AS videos_category_id 
FROM videos 
WHERE videos.id = %(pk_1)s::UUID
2026-03-09 01:16:01,570 INFO sqlalchemy.engine.Engine [cached since 37.57s ago] {'pk_1': UUID('192b24a6-3a99-4192-8112-39179585cc50')}
[2026-03-09 01:16:01,570: INFO/ForkPoolWorker-2] [cached since 37.57s ago] {'pk_1': UUID('192b24a6-3a99-4192-8112-39179585cc50')}
2026-03-09 01:16:05,594 INFO sqlalchemy.engine.Engine UPDATE videos SET progress=%(progress)s WHERE videos.id = %(videos_id)s::UUID
[2026-03-09 01:16:05,594: INFO/ForkPoolWorker-2] UPDATE videos SET progress=%(progress)s WHERE videos.id = %(videos_id)s::UUID
2026-03-09 01:16:05,595 INFO sqlalchemy.engine.Engine [cached since 37.25s ago] {'progress': 55, 'videos_id': UUID('192b24a6-3a99-4192-8112-39179585cc50')}
[2026-03-09 01:16:05,595: INFO/ForkPoolWorker-2] [cached since 37.25s ago] {'progress': 55, 'videos_id': UUID('192b24a6-3a99-4192-8112-39179585cc50')}
2026-03-09 01:16:05,596 INFO sqlalchemy.engine.Engine COMMIT
[2026-03-09 01:16:05,596: INFO/ForkPoolWorker-2] COMMIT
2026-03-09 01:16:06,096 INFO sqlalchemy.engine.Engine BEGIN (implicit)
[2026-03-09 01:16:06,096: INFO/ForkPoolWorker-2] BEGIN (implicit)
2026-03-09 01:16:06,097 INFO sqlalchemy.engine.Engine SELECT videos.id AS videos_id, videos.title AS videos_title, videos.description AS videos_description, videos.original_file_path AS videos_original_file_path, videos.processed_file_path AS videos_processed_file_path, videos.thumbnail_path AS videos_thumbnail_path, videos.status AS videos_status, videos.visibility AS videos_visibility, videos.task_id AS videos_task_id, videos.views AS videos_views, videos.complete_views AS videos_complete_views, videos.progress AS videos_progress, videos.duration AS videos_duration, videos.created_at AS videos_created_at, videos.tags AS videos_tags, videos.user_id AS videos_user_id, videos.category_id AS videos_category_id 
FROM videos 
WHERE videos.id = %(pk_1)s::UUID
[2026-03-09 01:16:06,097: INFO/ForkPoolWorker-2] SELECT videos.id AS videos_id, videos.title AS videos_title, videos.description AS videos_description, videos.original_file_path AS videos_original_file_path, videos.processed_file_path AS videos_processed_file_path, videos.thumbnail_path AS videos_thumbnail_path, videos.status AS videos_status, videos.visibility AS videos_visibility, videos.task_id AS videos_task_id, videos.views AS videos_views, videos.complete_views AS videos_complete_views, videos.progress AS videos_progress, videos.duration AS videos_duration, videos.created_at AS videos_created_at, videos.tags AS videos_tags, videos.user_id AS videos_user_id, videos.category_id AS videos_category_id 
FROM videos 
WHERE videos.id = %(pk_1)s::UUID
2026-03-09 01:16:06,097 INFO sqlalchemy.engine.Engine [cached since 42.1s ago] {'pk_1': UUID('192b24a6-3a99-4192-8112-39179585cc50')}
[2026-03-09 01:16:06,097: INFO/ForkPoolWorker-2] [cached since 42.1s ago] {'pk_1': UUID('192b24a6-3a99-4192-8112-39179585cc50')}
2026-03-09 01:16:09,665 INFO sqlalchemy.engine.Engine UPDATE videos SET progress=%(progress)s WHERE videos.id = %(videos_id)s::UUID
[2026-03-09 01:16:09,665: INFO/ForkPoolWorker-2] UPDATE videos SET progress=%(progress)s WHERE videos.id = %(videos_id)s::UUID
2026-03-09 01:16:09,666 INFO sqlalchemy.engine.Engine [cached since 41.32s ago] {'progress': 60, 'videos_id': UUID('192b24a6-3a99-4192-8112-39179585cc50')}
[2026-03-09 01:16:09,666: INFO/ForkPoolWorker-2] [cached since 41.32s ago] {'progress': 60, 'videos_id': UUID('192b24a6-3a99-4192-8112-39179585cc50')}
2026-03-09 01:16:09,667 INFO sqlalchemy.engine.Engine COMMIT
[2026-03-09 01:16:09,667: INFO/ForkPoolWorker-2] COMMIT
2026-03-09 01:16:10,168 INFO sqlalchemy.engine.Engine BEGIN (implicit)
[2026-03-09 01:16:10,168: INFO/ForkPoolWorker-2] BEGIN (implicit)
2026-03-09 01:16:10,168 INFO sqlalchemy.engine.Engine SELECT videos.id AS videos_id, videos.title AS videos_title, videos.description AS videos_description, videos.original_file_path AS videos_original_file_path, videos.processed_file_path AS videos_processed_file_path, videos.thumbnail_path AS videos_thumbnail_path, videos.status AS videos_status, videos.visibility AS videos_visibility, videos.task_id AS videos_task_id, videos.views AS videos_views, videos.complete_views AS videos_complete_views, videos.progress AS videos_progress, videos.duration AS videos_duration, videos.created_at AS videos_created_at, videos.tags AS videos_tags, videos.user_id AS videos_user_id, videos.category_id AS videos_category_id 
FROM videos 
WHERE videos.id = %(pk_1)s::UUID
[2026-03-09 01:16:10,168: INFO/ForkPoolWorker-2] SELECT videos.id AS videos_id, videos.title AS videos_title, videos.description AS videos_description, videos.original_file_path AS videos_original_file_path, videos.processed_file_path AS videos_processed_file_path, videos.thumbnail_path AS videos_thumbnail_path, videos.status AS videos_status, videos.visibility AS videos_visibility, videos.task_id AS videos_task_id, videos.views AS videos_views, videos.complete_views AS videos_complete_views, videos.progress AS videos_progress, videos.duration AS videos_duration, videos.created_at AS videos_created_at, videos.tags AS videos_tags, videos.user_id AS videos_user_id, videos.category_id AS videos_category_id 
FROM videos 
WHERE videos.id = %(pk_1)s::UUID
2026-03-09 01:16:10,169 INFO sqlalchemy.engine.Engine [cached since 46.17s ago] {'pk_1': UUID('192b24a6-3a99-4192-8112-39179585cc50')}
[2026-03-09 01:16:10,169: INFO/ForkPoolWorker-2] [cached since 46.17s ago] {'pk_1': UUID('192b24a6-3a99-4192-8112-39179585cc50')}
2026-03-09 01:16:15,205 INFO sqlalchemy.engine.Engine UPDATE videos SET progress=%(progress)s WHERE videos.id = %(videos_id)s::UUID
[2026-03-09 01:16:15,205: INFO/ForkPoolWorker-2] UPDATE videos SET progress=%(progress)s WHERE videos.id = %(videos_id)s::UUID
2026-03-09 01:16:15,206 INFO sqlalchemy.engine.Engine [cached since 46.86s ago] {'progress': 65, 'videos_id': UUID('192b24a6-3a99-4192-8112-39179585cc50')}
[2026-03-09 01:16:15,206: INFO/ForkPoolWorker-2] [cached since 46.86s ago] {'progress': 65, 'videos_id': UUID('192b24a6-3a99-4192-8112-39179585cc50')}
2026-03-09 01:16:15,207 INFO sqlalchemy.engine.Engine COMMIT
[2026-03-09 01:16:15,207: INFO/ForkPoolWorker-2] COMMIT
2026-03-09 01:16:15,704 INFO sqlalchemy.engine.Engine BEGIN (implicit)
[2026-03-09 01:16:15,704: INFO/ForkPoolWorker-2] BEGIN (implicit)
2026-03-09 01:16:15,704 INFO sqlalchemy.engine.Engine SELECT videos.id AS videos_id, videos.title AS videos_title, videos.description AS videos_description, videos.original_file_path AS videos_original_file_path, videos.processed_file_path AS videos_processed_file_path, videos.thumbnail_path AS videos_thumbnail_path, videos.status AS videos_status, videos.visibility AS videos_visibility, videos.task_id AS videos_task_id, videos.views AS videos_views, videos.complete_views AS videos_complete_views, videos.progress AS videos_progress, videos.duration AS videos_duration, videos.created_at AS videos_created_at, videos.tags AS videos_tags, videos.user_id AS videos_user_id, videos.category_id AS videos_category_id 
FROM videos 
WHERE videos.id = %(pk_1)s::UUID
[2026-03-09 01:16:15,704: INFO/ForkPoolWorker-2] SELECT videos.id AS videos_id, videos.title AS videos_title, videos.description AS videos_description, videos.original_file_path AS videos_original_file_path, videos.processed_file_path AS videos_processed_file_path, videos.thumbnail_path AS videos_thumbnail_path, videos.status AS videos_status, videos.visibility AS videos_visibility, videos.task_id AS videos_task_id, videos.views AS videos_views, videos.complete_views AS videos_complete_views, videos.progress AS videos_progress, videos.duration AS videos_duration, videos.created_at AS videos_created_at, videos.tags AS videos_tags, videos.user_id AS videos_user_id, videos.category_id AS videos_category_id 
FROM videos 
WHERE videos.id = %(pk_1)s::UUID
2026-03-09 01:16:15,705 INFO sqlalchemy.engine.Engine [cached since 51.7s ago] {'pk_1': UUID('192b24a6-3a99-4192-8112-39179585cc50')}
[2026-03-09 01:16:15,705: INFO/ForkPoolWorker-2] [cached since 51.7s ago] {'pk_1': UUID('192b24a6-3a99-4192-8112-39179585cc50')}
2026-03-09 01:16:20,262 INFO sqlalchemy.engine.Engine UPDATE videos SET progress=%(progress)s WHERE videos.id = %(videos_id)s::UUID
[2026-03-09 01:16:20,262: INFO/ForkPoolWorker-2] UPDATE videos SET progress=%(progress)s WHERE videos.id = %(videos_id)s::UUID
2026-03-09 01:16:20,262 INFO sqlalchemy.engine.Engine [cached since 51.92s ago] {'progress': 70, 'videos_id': UUID('192b24a6-3a99-4192-8112-39179585cc50')}
[2026-03-09 01:16:20,262: INFO/ForkPoolWorker-2] [cached since 51.92s ago] {'progress': 70, 'videos_id': UUID('192b24a6-3a99-4192-8112-39179585cc50')}
2026-03-09 01:16:20,263 INFO sqlalchemy.engine.Engine COMMIT
[2026-03-09 01:16:20,263: INFO/ForkPoolWorker-2] COMMIT
2026-03-09 01:16:20,765 INFO sqlalchemy.engine.Engine BEGIN (implicit)
[2026-03-09 01:16:20,765: INFO/ForkPoolWorker-2] BEGIN (implicit)
2026-03-09 01:16:20,765 INFO sqlalchemy.engine.Engine SELECT videos.id AS videos_id, videos.title AS videos_title, videos.description AS videos_description, videos.original_file_path AS videos_original_file_path, videos.processed_file_path AS videos_processed_file_path, videos.thumbnail_path AS videos_thumbnail_path, videos.status AS videos_status, videos.visibility AS videos_visibility, videos.task_id AS videos_task_id, videos.views AS videos_views, videos.complete_views AS videos_complete_views, videos.progress AS videos_progress, videos.duration AS videos_duration, videos.created_at AS videos_created_at, videos.tags AS videos_tags, videos.user_id AS videos_user_id, videos.category_id AS videos_category_id 
FROM videos 
WHERE videos.id = %(pk_1)s::UUID
[2026-03-09 01:16:20,765: INFO/ForkPoolWorker-2] SELECT videos.id AS videos_id, videos.title AS videos_title, videos.description AS videos_description, videos.original_file_path AS videos_original_file_path, videos.processed_file_path AS videos_processed_file_path, videos.thumbnail_path AS videos_thumbnail_path, videos.status AS videos_status, videos.visibility AS videos_visibility, videos.task_id AS videos_task_id, videos.views AS videos_views, videos.complete_views AS videos_complete_views, videos.progress AS videos_progress, videos.duration AS videos_duration, videos.created_at AS videos_created_at, videos.tags AS videos_tags, videos.user_id AS videos_user_id, videos.category_id AS videos_category_id 
FROM videos 
WHERE videos.id = %(pk_1)s::UUID
2026-03-09 01:16:20,765 INFO sqlalchemy.engine.Engine [cached since 56.77s ago] {'pk_1': UUID('192b24a6-3a99-4192-8112-39179585cc50')}
[2026-03-09 01:16:20,765: INFO/ForkPoolWorker-2] [cached since 56.77s ago] {'pk_1': UUID('192b24a6-3a99-4192-8112-39179585cc50')}
2026-03-09 01:16:25,348 INFO sqlalchemy.engine.Engine UPDATE videos SET progress=%(progress)s WHERE videos.id = %(videos_id)s::UUID
[2026-03-09 01:16:25,348: INFO/ForkPoolWorker-2] UPDATE videos SET progress=%(progress)s WHERE videos.id = %(videos_id)s::UUID
2026-03-09 01:16:25,349 INFO sqlalchemy.engine.Engine [cached since 57s ago] {'progress': 75, 'videos_id': UUID('192b24a6-3a99-4192-8112-39179585cc50')}
[2026-03-09 01:16:25,349: INFO/ForkPoolWorker-2] [cached since 57s ago] {'progress': 75, 'videos_id': UUID('192b24a6-3a99-4192-8112-39179585cc50')}
2026-03-09 01:16:25,350 INFO sqlalchemy.engine.Engine COMMIT
[2026-03-09 01:16:25,350: INFO/ForkPoolWorker-2] COMMIT
2026-03-09 01:16:25,856 INFO sqlalchemy.engine.Engine BEGIN (implicit)
[2026-03-09 01:16:25,856: INFO/ForkPoolWorker-2] BEGIN (implicit)
2026-03-09 01:16:25,857 INFO sqlalchemy.engine.Engine SELECT videos.id AS videos_id, videos.title AS videos_title, videos.description AS videos_description, videos.original_file_path AS videos_original_file_path, videos.processed_file_path AS videos_processed_file_path, videos.thumbnail_path AS videos_thumbnail_path, videos.status AS videos_status, videos.visibility AS videos_visibility, videos.task_id AS videos_task_id, videos.views AS videos_views, videos.complete_views AS videos_complete_views, videos.progress AS videos_progress, videos.duration AS videos_duration, videos.created_at AS videos_created_at, videos.tags AS videos_tags, videos.user_id AS videos_user_id, videos.category_id AS videos_category_id 
FROM videos 
WHERE videos.id = %(pk_1)s::UUID
[2026-03-09 01:16:25,857: INFO/ForkPoolWorker-2] SELECT videos.id AS videos_id, videos.title AS videos_title, videos.description AS videos_description, videos.original_file_path AS videos_original_file_path, videos.processed_file_path AS videos_processed_file_path, videos.thumbnail_path AS videos_thumbnail_path, videos.status AS videos_status, videos.visibility AS videos_visibility, videos.task_id AS videos_task_id, videos.views AS videos_views, videos.complete_views AS videos_complete_views, videos.progress AS videos_progress, videos.duration AS videos_duration, videos.created_at AS videos_created_at, videos.tags AS videos_tags, videos.user_id AS videos_user_id, videos.category_id AS videos_category_id 
FROM videos 
WHERE videos.id = %(pk_1)s::UUID
2026-03-09 01:16:25,857 INFO sqlalchemy.engine.Engine [cached since 61.86s ago] {'pk_1': UUID('192b24a6-3a99-4192-8112-39179585cc50')}
[2026-03-09 01:16:25,857: INFO/ForkPoolWorker-2] [cached since 61.86s ago] {'pk_1': UUID('192b24a6-3a99-4192-8112-39179585cc50')}
2026-03-09 01:16:30,901 INFO sqlalchemy.engine.Engine UPDATE videos SET progress=%(progress)s WHERE videos.id = %(videos_id)s::UUID
[2026-03-09 01:16:30,901: INFO/ForkPoolWorker-2] UPDATE videos SET progress=%(progress)s WHERE videos.id = %(videos_id)s::UUID
2026-03-09 01:16:30,901 INFO sqlalchemy.engine.Engine [cached since 62.56s ago] {'progress': 80, 'videos_id': UUID('192b24a6-3a99-4192-8112-39179585cc50')}
[2026-03-09 01:16:30,901: INFO/ForkPoolWorker-2] [cached since 62.56s ago] {'progress': 80, 'videos_id': UUID('192b24a6-3a99-4192-8112-39179585cc50')}
2026-03-09 01:16:30,902 INFO sqlalchemy.engine.Engine COMMIT
[2026-03-09 01:16:30,902: INFO/ForkPoolWorker-2] COMMIT
2026-03-09 01:16:31,402 INFO sqlalchemy.engine.Engine BEGIN (implicit)
[2026-03-09 01:16:31,402: INFO/ForkPoolWorker-2] BEGIN (implicit)
2026-03-09 01:16:31,403 INFO sqlalchemy.engine.Engine SELECT videos.id AS videos_id, videos.title AS videos_title, videos.description AS videos_description, videos.original_file_path AS videos_original_file_path, videos.processed_file_path AS videos_processed_file_path, videos.thumbnail_path AS videos_thumbnail_path, videos.status AS videos_status, videos.visibility AS videos_visibility, videos.task_id AS videos_task_id, videos.views AS videos_views, videos.complete_views AS videos_complete_views, videos.progress AS videos_progress, videos.duration AS videos_duration, videos.created_at AS videos_created_at, videos.tags AS videos_tags, videos.user_id AS videos_user_id, videos.category_id AS videos_category_id 
FROM videos 
WHERE videos.id = %(pk_1)s::UUID
[2026-03-09 01:16:31,403: INFO/ForkPoolWorker-2] SELECT videos.id AS videos_id, videos.title AS videos_title, videos.description AS videos_description, videos.original_file_path AS videos_original_file_path, videos.processed_file_path AS videos_processed_file_path, videos.thumbnail_path AS videos_thumbnail_path, videos.status AS videos_status, videos.visibility AS videos_visibility, videos.task_id AS videos_task_id, videos.views AS videos_views, videos.complete_views AS videos_complete_views, videos.progress AS videos_progress, videos.duration AS videos_duration, videos.created_at AS videos_created_at, videos.tags AS videos_tags, videos.user_id AS videos_user_id, videos.category_id AS videos_category_id 
FROM videos 
WHERE videos.id = %(pk_1)s::UUID
2026-03-09 01:16:31,403 INFO sqlalchemy.engine.Engine [cached since 67.4s ago] {'pk_1': UUID('192b24a6-3a99-4192-8112-39179585cc50')}
[2026-03-09 01:16:31,403: INFO/ForkPoolWorker-2] [cached since 67.4s ago] {'pk_1': UUID('192b24a6-3a99-4192-8112-39179585cc50')}
2026-03-09 01:16:34,922 INFO sqlalchemy.engine.Engine UPDATE videos SET progress=%(progress)s WHERE videos.id = %(videos_id)s::UUID
[2026-03-09 01:16:34,922: INFO/ForkPoolWorker-2] UPDATE videos SET progress=%(progress)s WHERE videos.id = %(videos_id)s::UUID
2026-03-09 01:16:34,922 INFO sqlalchemy.engine.Engine [cached since 66.58s ago] {'progress': 85, 'videos_id': UUID('192b24a6-3a99-4192-8112-39179585cc50')}
[2026-03-09 01:16:34,922: INFO/ForkPoolWorker-2] [cached since 66.58s ago] {'progress': 85, 'videos_id': UUID('192b24a6-3a99-4192-8112-39179585cc50')}
2026-03-09 01:16:34,923 INFO sqlalchemy.engine.Engine COMMIT
[2026-03-09 01:16:34,923: INFO/ForkPoolWorker-2] COMMIT
2026-03-09 01:16:35,427 INFO sqlalchemy.engine.Engine BEGIN (implicit)
[2026-03-09 01:16:35,427: INFO/ForkPoolWorker-2] BEGIN (implicit)
2026-03-09 01:16:35,427 INFO sqlalchemy.engine.Engine SELECT videos.id AS videos_id, videos.title AS videos_title, videos.description AS videos_description, videos.original_file_path AS videos_original_file_path, videos.processed_file_path AS videos_processed_file_path, videos.thumbnail_path AS videos_thumbnail_path, videos.status AS videos_status, videos.visibility AS videos_visibility, videos.task_id AS videos_task_id, videos.views AS videos_views, videos.complete_views AS videos_complete_views, videos.progress AS videos_progress, videos.duration AS videos_duration, videos.created_at AS videos_created_at, videos.tags AS videos_tags, videos.user_id AS videos_user_id, videos.category_id AS videos_category_id 
FROM videos 
WHERE videos.id = %(pk_1)s::UUID
[2026-03-09 01:16:35,427: INFO/ForkPoolWorker-2] SELECT videos.id AS videos_id, videos.title AS videos_title, videos.description AS videos_description, videos.original_file_path AS videos_original_file_path, videos.processed_file_path AS videos_processed_file_path, videos.thumbnail_path AS videos_thumbnail_path, videos.status AS videos_status, videos.visibility AS videos_visibility, videos.task_id AS videos_task_id, videos.views AS videos_views, videos.complete_views AS videos_complete_views, videos.progress AS videos_progress, videos.duration AS videos_duration, videos.created_at AS videos_created_at, videos.tags AS videos_tags, videos.user_id AS videos_user_id, videos.category_id AS videos_category_id 
FROM videos 
WHERE videos.id = %(pk_1)s::UUID
2026-03-09 01:16:35,427 INFO sqlalchemy.engine.Engine [cached since 71.43s ago] {'pk_1': UUID('192b24a6-3a99-4192-8112-39179585cc50')}
[2026-03-09 01:16:35,427: INFO/ForkPoolWorker-2] [cached since 71.43s ago] {'pk_1': UUID('192b24a6-3a99-4192-8112-39179585cc50')}
2026-03-09 01:16:37,934 INFO sqlalchemy.engine.Engine UPDATE videos SET progress=%(progress)s WHERE videos.id = %(videos_id)s::UUID
[2026-03-09 01:16:37,934: INFO/ForkPoolWorker-2] UPDATE videos SET progress=%(progress)s WHERE videos.id = %(videos_id)s::UUID
2026-03-09 01:16:37,934 INFO sqlalchemy.engine.Engine [cached since 69.59s ago] {'progress': 90, 'videos_id': UUID('192b24a6-3a99-4192-8112-39179585cc50')}
[2026-03-09 01:16:37,934: INFO/ForkPoolWorker-2] [cached since 69.59s ago] {'progress': 90, 'videos_id': UUID('192b24a6-3a99-4192-8112-39179585cc50')}
2026-03-09 01:16:37,936 INFO sqlalchemy.engine.Engine COMMIT
[2026-03-09 01:16:37,936: INFO/ForkPoolWorker-2] COMMIT
2026-03-09 01:16:38,446 INFO sqlalchemy.engine.Engine BEGIN (implicit)
[2026-03-09 01:16:38,446: INFO/ForkPoolWorker-2] BEGIN (implicit)
2026-03-09 01:16:38,447 INFO sqlalchemy.engine.Engine SELECT videos.id AS videos_id, videos.title AS videos_title, videos.description AS videos_description, videos.original_file_path AS videos_original_file_path, videos.processed_file_path AS videos_processed_file_path, videos.thumbnail_path AS videos_thumbnail_path, videos.status AS videos_status, videos.visibility AS videos_visibility, videos.task_id AS videos_task_id, videos.views AS videos_views, videos.complete_views AS videos_complete_views, videos.progress AS videos_progress, videos.duration AS videos_duration, videos.created_at AS videos_created_at, videos.tags AS videos_tags, videos.user_id AS videos_user_id, videos.category_id AS videos_category_id 
FROM videos 
WHERE videos.id = %(pk_1)s::UUID
[2026-03-09 01:16:38,447: INFO/ForkPoolWorker-2] SELECT videos.id AS videos_id, videos.title AS videos_title, videos.description AS videos_description, videos.original_file_path AS videos_original_file_path, videos.processed_file_path AS videos_processed_file_path, videos.thumbnail_path AS videos_thumbnail_path, videos.status AS videos_status, videos.visibility AS videos_visibility, videos.task_id AS videos_task_id, videos.views AS videos_views, videos.complete_views AS videos_complete_views, videos.progress AS videos_progress, videos.duration AS videos_duration, videos.created_at AS videos_created_at, videos.tags AS videos_tags, videos.user_id AS videos_user_id, videos.category_id AS videos_category_id 
FROM videos 
WHERE videos.id = %(pk_1)s::UUID
2026-03-09 01:16:38,447 INFO sqlalchemy.engine.Engine [cached since 74.45s ago] {'pk_1': UUID('192b24a6-3a99-4192-8112-39179585cc50')}
[2026-03-09 01:16:38,447: INFO/ForkPoolWorker-2] [cached since 74.45s ago] {'pk_1': UUID('192b24a6-3a99-4192-8112-39179585cc50')}
2026-03-09 01:16:40,960 INFO sqlalchemy.engine.Engine UPDATE videos SET progress=%(progress)s WHERE videos.id = %(videos_id)s::UUID
[2026-03-09 01:16:40,960: INFO/ForkPoolWorker-2] UPDATE videos SET progress=%(progress)s WHERE videos.id = %(videos_id)s::UUID
2026-03-09 01:16:40,960 INFO sqlalchemy.engine.Engine [cached since 72.62s ago] {'progress': 95, 'videos_id': UUID('192b24a6-3a99-4192-8112-39179585cc50')}
[2026-03-09 01:16:40,960: INFO/ForkPoolWorker-2] [cached since 72.62s ago] {'progress': 95, 'videos_id': UUID('192b24a6-3a99-4192-8112-39179585cc50')}
2026-03-09 01:16:40,961 INFO sqlalchemy.engine.Engine COMMIT
[2026-03-09 01:16:40,961: INFO/ForkPoolWorker-2] COMMIT
2026-03-09 01:16:41,463 INFO sqlalchemy.engine.Engine BEGIN (implicit)
[2026-03-09 01:16:41,463: INFO/ForkPoolWorker-2] BEGIN (implicit)
2026-03-09 01:16:41,464 INFO sqlalchemy.engine.Engine SELECT videos.id AS videos_id, videos.title AS videos_title, videos.description AS videos_description, videos.original_file_path AS videos_original_file_path, videos.processed_file_path AS videos_processed_file_path, videos.thumbnail_path AS videos_thumbnail_path, videos.status AS videos_status, videos.visibility AS videos_visibility, videos.task_id AS videos_task_id, videos.views AS videos_views, videos.complete_views AS videos_complete_views, videos.progress AS videos_progress, videos.duration AS videos_duration, videos.created_at AS videos_created_at, videos.tags AS videos_tags, videos.user_id AS videos_user_id, videos.category_id AS videos_category_id 
FROM videos 
WHERE videos.id = %(pk_1)s::UUID
[2026-03-09 01:16:41,464: INFO/ForkPoolWorker-2] SELECT videos.id AS videos_id, videos.title AS videos_title, videos.description AS videos_description, videos.original_file_path AS videos_original_file_path, videos.processed_file_path AS videos_processed_file_path, videos.thumbnail_path AS videos_thumbnail_path, videos.status AS videos_status, videos.visibility AS videos_visibility, videos.task_id AS videos_task_id, videos.views AS videos_views, videos.complete_views AS videos_complete_views, videos.progress AS videos_progress, videos.duration AS videos_duration, videos.created_at AS videos_created_at, videos.tags AS videos_tags, videos.user_id AS videos_user_id, videos.category_id AS videos_category_id 
FROM videos 
WHERE videos.id = %(pk_1)s::UUID
2026-03-09 01:16:41,464 INFO sqlalchemy.engine.Engine [cached since 77.46s ago] {'pk_1': UUID('192b24a6-3a99-4192-8112-39179585cc50')}
[2026-03-09 01:16:41,464: INFO/ForkPoolWorker-2] [cached since 77.46s ago] {'pk_1': UUID('192b24a6-3a99-4192-8112-39179585cc50')}
2026-03-09 01:16:44,721 INFO sqlalchemy.engine.Engine UPDATE videos SET processed_file_path=%(processed_file_path)s, thumbnail_path=%(thumbnail_path)s, status=%(status)s, progress=%(progress)s WHERE videos.id = %(videos_id)s::UUID
[2026-03-09 01:16:44,721: INFO/ForkPoolWorker-2] UPDATE videos SET processed_file_path=%(processed_file_path)s, thumbnail_path=%(thumbnail_path)s, status=%(status)s, progress=%(progress)s WHERE videos.id = %(videos_id)s::UUID
2026-03-09 01:16:44,721 INFO sqlalchemy.engine.Engine [generated in 0.00059s] {'processed_file_path': '/static/videos/processed/192b24a6-3a99-4192-8112-39179585cc50.mp4', 'thumbnail_path': '/static/thumbnails/192b24a6-3a99-4192-8112-39179585cc50.jpg', 'status': 'completed', 'progress': 100, 'videos_id': UUID('192b24a6-3a99-4192-8112-39179585cc50')}
[2026-03-09 01:16:44,721: INFO/ForkPoolWorker-2] [generated in 0.00059s] {'processed_file_path': '/static/videos/processed/192b24a6-3a99-4192-8112-39179585cc50.mp4', 'thumbnail_path': '/static/thumbnails/192b24a6-3a99-4192-8112-39179585cc50.jpg', 'status': 'completed', 'progress': 100, 'videos_id': UUID('192b24a6-3a99-4192-8112-39179585cc50')}
2026-03-09 01:16:44,723 INFO sqlalchemy.engine.Engine COMMIT
[2026-03-09 01:16:44,723: INFO/ForkPoolWorker-2] COMMIT
[2026-03-09 01:16:44,735: INFO/ForkPoolWorker-2] Task tasks.transcode_video_task[ea5b3e09-645a-4a5e-b743-663fb5098290] succeeded in 80.82431313699999s: 'Success'
