 
 -------------- celery@da-ThinkBook-14-G4 v5.6.2 (recovery)
--- ***** ----- 
-- ******* ---- Linux-6.17.0-14-generic-x86_64-with-glibc2.39 2026-03-09 03:05:42
- *** --- * --- 
- ** ---------- [config]
- ** ---------- .> app:         video_tasks:0x734968d05630
- ** ---------- .> transport:   redis://localhost:6379/0
- ** ---------- .> results:     redis://localhost:6379/0
- *** --- * --- .> concurrency: 2 (prefork)
-- ******* ---- .> task events: OFF (enable -E to monitor tasks in this worker)
--- ***** ----- 
 -------------- [queues]
                .> celery           exchange=celery(direct) key=celery
                

[tasks]
  . tasks.regenerate_thumbnail_task
  . tasks.transcode_video_task

[2026-03-09 03:05:42,755: INFO/MainProcess] Connected to redis://localhost:6379/0
[2026-03-09 03:05:42,757: INFO/MainProcess] mingle: searching for neighbors
[2026-03-09 03:05:43,774: WARNING/MainProcess] /home/da/anaconda3/envs/myvideo/lib/python3.10/site-pack[2026-03-09 03:39:13,725: ERROR/MainProcess] Received unregistered task of type 'tasks.regenerate_thumbnail_task'.
The message has been ignored and discarded.

Did you remember to import the module containing this task?
Or maybe you're using relative imports?

Please see
https://docs.celeryq.dev/en/latest/internals/protocol.html
for more information.

The full contents of the message body was:
b'[2026-03-09 03:40:22,665: INFO/MainProcess] Task tasks.regenerate_thumbnail_task[16441656-0674-4809-8e3f-aa5d4a8a08cd] received
2026-03-09 03:40:22,687 INFO sqlalchemy.engine.Engine select pg_catalog.version()
[2026-03-09 03:40:22,687: INFO/ForkPoolWorker-2] select pg_catalog.version()
2026-03-09 03:40:22,687 INFO sqlalchemy.engine.Engine [raw sql] {}
[2026-03-09 03:40:22,687: INFO/ForkPoolWorker-2] [raw sql] {}
2026-03-09 03:40:22,689 INFO sqlalchemy.engine.Engine select current_schema()
[2026-03-09 03:40:22,689: INFO/ForkPoolWorker-2] select current_schema()
2026-03-09 03:40:22,689 INFO sqlalchemy.engine.Engine [raw sql] {}
[2026-03-09 03:40:22,689: INFO/ForkPoolWorker-2] [raw sql] {}
2026-03-09 03:40:22,690 INFO sqlalchemy.engine.Engine show standard_conforming_strings
[2026-03-09 03:40:22,690: INFO/ForkPoolWorker-2] show standard_conforming_strings
2026-03-09 03:40:22,690 INFO sqlalchemy.engine.Engine [raw sql] {}
[2026-03-09 03:40:22,690: INFO/ForkPoolWorker-2] [raw sql] {}
2026-03-09 03:40:22,691 INFO sqlalchemy.engine.Engine BEGIN (implicit)
[2026-03-09 03:40:22,691: INFO/ForkPoolWorker-2] BEGIN (implicit)
2026-03-09 03:40:22,700 INFO sqlalchemy.engine.Engine SELECT videos.id AS videos_id, videos.title AS videos_title, videos.description AS videos_description, videos.original_file_path AS videos_original_file_path, videos.processed_file_path AS videos_processed_file_path, videos.thumbnail_path AS videos_thumbnail_path, videos.status AS videos_status, videos.visibility AS videos_visibility, videos.task_id AS videos_task_id, videos.views AS videos_views, videos.complete_views AS videos_complete_views, videos.progress AS videos_progress, videos.duration AS videos_duration, videos.created_at AS videos_created_at, videos.tags AS videos_tags, videos.user_id AS videos_user_id, videos.category_id AS videos_category_id 
FROM videos 
WHERE videos.id = %(pk_1)s::UUID
[2026-03-09 03:40:22,700: INFO/ForkPoolWorker-2] SELECT videos.id AS videos_id, videos.title AS videos_title, videos.description AS videos_description, videos.original_file_path AS videos_original_file_path, videos.processed_file_path AS videos_processed_file_path, videos.thumbnail_path AS videos_thumbnail_path, videos.status AS videos_status, videos.visibility AS videos_visibility, videos.task_id AS videos_task_id, videos.views AS videos_views, videos.complete_views AS videos_complete_views, videos.[2026-03-09 03:42:52,808: ERROR/MainProcess] Received unregistered task of type 'tasks.regenerate_thumbnail_task'.
The message has been ignored and discarded.

Did you remember to import the module containing this task?
Or maybe you're using relative imports?

Please see
https://docs.celeryq.dev/en/latest/internals/protocol.html
for more information.

The full contents of the message body was:
b'[["31b92106-35f2-4eed-9fa8-3d6d9e6c1e85"], {}, {"callbacks": null, "errbacks": null, "chain": null, "chord": null}]' (115b)

The full contents of the message headers:
{'lang': 'py', 'task': 'tasks.regenerate_thumbnail_task', 'id': '5630d70a-d93f-4351-bd90-0f5e68377396', 'shadow': None, 'eta': None, 'expires': None, 'group': None, 'group_index': None, 'retries': 0, 'timelimit': [None, None], 'root_id': '5630d70a-d93f-4351-bd90-0f5e68377396', 'parent_id': None, 'argsrepr': "('31b92106-35f2-4eed-9fa8-3d6d9e6c1e85',)", 'kwargsrepr': '{}', 'origin': 'gen706655@da-ThinkBook-14-G4', 'ignore_result': False, 'replaced_task_nesting': 0, 'stamped_headers': None, 'stamps': {}}

The delivery info for this task is:
{'exchange': '', 'routing_key': 'celery'}
Traceback (most recent call last):
  File "/home/da/anaconda3/envs/myvideo/lib/python3.10/site-packages/celery/worker/consumer/consumer.py", line 668, in on_task_received
    strategy = strategies[type_]
KeyError: 'tasks.regenerate_thumbnail_task'
, videos.status AS videos_status, videos.visibility AS videos_visibility, videos.task_id AS videos_task_id, videos.views AS videos_views, videos.complete_views AS videos_complete_views, videos.progress AS videos_progress, videos.duration AS videos_duration, videos.created_at AS videos_created_at, videos.tags AS videos_tags, videos.user_id AS videos_user_id, videos.category_id AS videos_category_id 
FROM videos 
WHERE videos.id = %(pk_1)s::UUID
[2026-03-09 03:41:24,160: INFO/ForkPoolWorker-2] SELECT videos.id AS videos_id, videos.title AS videos_title, videos.description AS videos_description, videos.original_file_path AS videos_original_file_path, videos.processed_file_path AS videos_processed_file_path, videos.thumbnail_path AS videos_thumbnail_path, videos.status AS videos_status, videos.visibility AS videos_visibility, videos.task_id AS videos_task_id, videos.views AS videos_views, videos.complete_views AS videos_complete_views, videos.progress AS videos_progress, videos.duration AS videos_duration, videos.created_at AS videos_created_at, videos.tags AS videos_tags, videos.user_id AS videos_user_id, videos.category_id AS videos_category_id 
FROM videos 
WHERE videos.id = %(pk_1)s::UUID
2026-03-09 03:41:24,160 INFO sqlalchemy.engine.Engine [cached since 61.46s ago] {'pk_1': 'e7a95c13-3200-4b4a-9e9d-390bda1e7de5'}
[2026-03-09 03:41:24,160: INFO/ForkPoolWorker-2] [cached since 61.46s ago] {'pk_1': 'e7a95c13-3200-4b4a-9e9d-390bda1e7de5'}
2026-03-09 03:41:32,483 INFO sqlalchemy.engine.Engine ROLLBACK
[2026-03-09 03:41:32,483: INFO/ForkPoolWorker-2] ROLLBACK
[2026-03-09 03:41:32,484: INFO/ForkPoolWorker-2] Task tasks.regenerate_thumbnail_task[7ad10882-a737-4ee8-a64c-ea539b6fab5d] succeeded in 8.32571621399984s: 'Thumbnail regenerated at 00:10:06'
